  Property.cpp
C:\Users\uri\source\repos\Monopoly\Monopoly\Player.h(33,15): error C2065: 'Property': undeclared identifier
C:\Users\uri\source\repos\Monopoly\Monopoly\Player.h(33,8): error C2923: 'std::vector': 'Property' is not a valid template type argument for parameter '_Ty'
C:\Users\uri\source\repos\Monopoly\Monopoly\Player.h(33): message : see declaration of 'Property'
C:\Users\uri\source\repos\Monopoly\Monopoly\Player.h(33,8): error C2976: 'std::vector': too few template arguments
C:\Program Files (x86)\Microsoft Visual Studio\2019\Community\VC\Tools\MSVC\14.29.30133\include\vector(443): message : see declaration of 'std::vector'
C:\Users\uri\source\repos\Monopoly\Monopoly\Player.h(34,15): error C2065: 'Property': undeclared identifier
C:\Users\uri\source\repos\Monopoly\Monopoly\Player.h(34,8): error C2923: 'std::vector': 'Property' is not a valid template type argument for parameter '_Ty'
C:\Users\uri\source\repos\Monopoly\Monopoly\Player.h(34): message : see declaration of 'Property'
C:\Users\uri\source\repos\Monopoly\Monopoly\Player.h(34,8): error C2976: 'std::vector': too few template arguments
C:\Program Files (x86)\Microsoft Visual Studio\2019\Community\VC\Tools\MSVC\14.29.30133\include\vector(443): message : see declaration of 'std::vector'
C:\Users\uri\source\repos\Monopoly\Monopoly\Player.h(44,35): error C2065: 'Property': undeclared identifier
C:\Users\uri\source\repos\Monopoly\Monopoly\Player.h(44,28): error C2923: 'std::vector': 'Property' is not a valid template type argument for parameter '_Ty'
C:\Users\uri\source\repos\Monopoly\Monopoly\Player.h(44): message : see declaration of 'Property'
C:\Users\uri\source\repos\Monopoly\Monopoly\Player.h(44,28): error C2976: 'std::vector': too few template arguments
C:\Program Files (x86)\Microsoft Visual Studio\2019\Community\VC\Tools\MSVC\14.29.30133\include\vector(443): message : see declaration of 'std::vector'
C:\Users\uri\source\repos\Monopoly\Monopoly\Player.h(44,59): error C2065: 'Property': undeclared identifier
C:\Users\uri\source\repos\Monopoly\Monopoly\Player.h(44,52): error C2923: 'std::vector': 'Property' is not a valid template type argument for parameter '_Ty'
C:\Users\uri\source\repos\Monopoly\Monopoly\Player.h(44): message : see declaration of 'Property'
C:\Users\uri\source\repos\Monopoly\Monopoly\Player.h(44,52): error C2976: 'std::vector': too few template arguments
C:\Program Files (x86)\Microsoft Visual Studio\2019\Community\VC\Tools\MSVC\14.29.30133\include\vector(443): message : see declaration of 'std::vector'
C:\Users\uri\source\repos\Monopoly\Monopoly\Player.h(45,38): error C2065: 'Property': undeclared identifier
C:\Users\uri\source\repos\Monopoly\Monopoly\Player.h(45,31): error C2923: 'std::vector': 'Property' is not a valid template type argument for parameter '_Ty'
C:\Users\uri\source\repos\Monopoly\Monopoly\Player.h(45): message : see declaration of 'Property'
C:\Users\uri\source\repos\Monopoly\Monopoly\Player.h(45,31): error C2976: 'std::vector': too few template arguments
C:\Program Files (x86)\Microsoft Visual Studio\2019\Community\VC\Tools\MSVC\14.29.30133\include\vector(443): message : see declaration of 'std::vector'
C:\Users\uri\source\repos\Monopoly\Monopoly\Player.h(46,36): error C2065: 'Property': undeclared identifier
C:\Users\uri\source\repos\Monopoly\Monopoly\Player.h(46,29): error C2923: 'std::vector': 'Property' is not a valid template type argument for parameter '_Ty'
C:\Users\uri\source\repos\Monopoly\Monopoly\Player.h(46): message : see declaration of 'Property'
C:\Users\uri\source\repos\Monopoly\Monopoly\Player.h(46,29): error C2976: 'std::vector': too few template arguments
C:\Program Files (x86)\Microsoft Visual Studio\2019\Community\VC\Tools\MSVC\14.29.30133\include\vector(443): message : see declaration of 'std::vector'
C:\Users\uri\source\repos\Monopoly\Monopoly\Player.h(46,60): error C2065: 'Property': undeclared identifier
C:\Users\uri\source\repos\Monopoly\Monopoly\Player.h(46,53): error C2923: 'std::vector': 'Property' is not a valid template type argument for parameter '_Ty'
C:\Users\uri\source\repos\Monopoly\Monopoly\Player.h(46): message : see declaration of 'Property'
C:\Users\uri\source\repos\Monopoly\Monopoly\Player.h(46,53): error C2976: 'std::vector': too few template arguments
C:\Program Files (x86)\Microsoft Visual Studio\2019\Community\VC\Tools\MSVC\14.29.30133\include\vector(443): message : see declaration of 'std::vector'
C:\Users\uri\source\repos\Monopoly\Monopoly\Player.h(59,27): error C2061: syntax error: identifier 'Property'
C:\Users\uri\source\repos\Monopoly\Monopoly\Player.h(60,25): error C2061: syntax error: identifier 'Property'
